<?xml version="1.0" encoding="UTF-8"?>
<!-- Generated by org.testng.reporters.JUnitXMLReporter -->
<testsuite ignored="5" hostname="DESKTOP-K9KLLVF" failures="0" tests="4" name="Test" time="0.248" errors="0" timestamp="14 Mar 2021 06:18:12 GMT">
  <testcase classname="org.test.Group1" name="tc11" time="0.038"/>
  <testcase classname="org.test.Group2" name="tc21" time="0.006"/>
  <testcase classname="org.test.Group2" name="tc22" time="0.011"/>
  <testcase classname="org.test.Group3" name="tc32" time="0.019"/>
  <testcase classname="org.test.Group3" name="tc33" time="0.0">
    <ignored/>
  </testcase> <!-- tc33 -->
  <testcase classname="org.test.Group3" name="tc31" time="0.0">
    <ignored/>
  </testcase> <!-- tc31 -->
  <testcase classname="org.test.Group1" name="tc13" time="0.0">
    <ignored/>
  </testcase> <!-- tc13 -->
  <testcase classname="org.test.Group2" name="tc23" time="0.0">
    <ignored/>
  </testcase> <!-- tc23 -->
  <testcase classname="org.test.Group1" name="tc12" time="0.0">
    <ignored/>
  </testcase> <!-- tc12 -->
</testsuite> <!-- Test -->
